[2022-01-09 15:47:38.415][Error][1978][1u78j3q4][112] Failed, code=1002 : run : daemon run hybrid : hybrid run : run server : listen : rtmp listen : buffered tcp listen : listen at 0.0.0.0:1937 : fd=7 : bind
thread [1978][1u78j3q4]: do_main() [src/main/srs_main_server.cpp:192][errno=112]
thread [1978][1u78j3q4]: run_directly_or_daemon() [src/main/srs_main_server.cpp:435][errno=112]
thread [1978][1u78j3q4]: run_hybrid_server() [src/main/srs_main_server.cpp:468][errno=112]
thread [1978][1u78j3q4]: run() [src/app/srs_app_hybrid.cpp:203][errno=112]
thread [1978][1u78j3q4]: run() [src/app/srs_app_server.cpp:1695][errno=112]
thread [1978][1u78j3q4]: listen() [src/app/srs_app_server.cpp:813][errno=112]
thread [1978][1u78j3q4]: listen() [src/app/srs_app_server.cpp:102][errno=112]
thread [1978][1u78j3q4]: listen() [src/app/srs_app_listener.cpp:241][errno=112]
thread [1978][1u78j3q4]: srs_tcp_listen() [src/protocol/srs_service_st.cpp:263][errno=112]
thread [1978][1u78j3q4]: do_srs_tcp_listen() [src/protocol/srs_service_st.cpp:221][errno=112](Address already in use)
[2022-01-09 15:52:30.069][Error][439][4344k7ic][112] Failed, code=1002 : run : daemon run hybrid : hybrid run : run server : listen : rtmp listen : buffered tcp listen : listen at 0.0.0.0:1937 : fd=7 : bind
thread [439][4344k7ic]: do_main() [src/main/srs_main_server.cpp:192][errno=112]
thread [439][4344k7ic]: run_directly_or_daemon() [src/main/srs_main_server.cpp:435][errno=112]
thread [439][4344k7ic]: run_hybrid_server() [src/main/srs_main_server.cpp:468][errno=112]
thread [439][4344k7ic]: run() [src/app/srs_app_hybrid.cpp:203][errno=112]
thread [439][4344k7ic]: run() [src/app/srs_app_server.cpp:1695][errno=112]
thread [439][4344k7ic]: listen() [src/app/srs_app_server.cpp:813][errno=112]
thread [439][4344k7ic]: listen() [src/app/srs_app_server.cpp:102][errno=112]
thread [439][4344k7ic]: listen() [src/app/srs_app_listener.cpp:241][errno=112]
thread [439][4344k7ic]: srs_tcp_listen() [src/protocol/srs_service_st.cpp:263][errno=112]
thread [439][4344k7ic]: do_srs_tcp_listen() [src/protocol/srs_service_st.cpp:221][errno=112](Address already in use)
[2022-01-09 15:54:21.314][Error][563][16131qz9][112] Failed, code=1002 : run : daemon run hybrid : hybrid run : run server : listen : rtmp listen : buffered tcp listen : listen at 0.0.0.0:1937 : fd=7 : bind
thread [563][16131qz9]: do_main() [src/main/srs_main_server.cpp:192][errno=112]
thread [563][16131qz9]: run_directly_or_daemon() [src/main/srs_main_server.cpp:435][errno=112]
thread [563][16131qz9]: run_hybrid_server() [src/main/srs_main_server.cpp:468][errno=112]
thread [563][16131qz9]: run() [src/app/srs_app_hybrid.cpp:203][errno=112]
thread [563][16131qz9]: run() [src/app/srs_app_server.cpp:1695][errno=112]
thread [563][16131qz9]: listen() [src/app/srs_app_server.cpp:813][errno=112]
thread [563][16131qz9]: listen() [src/app/srs_app_server.cpp:102][errno=112]
thread [563][16131qz9]: listen() [src/app/srs_app_listener.cpp:241][errno=112]
thread [563][16131qz9]: srs_tcp_listen() [src/protocol/srs_service_st.cpp:263][errno=112]
thread [563][16131qz9]: do_srs_tcp_listen() [src/protocol/srs_service_st.cpp:221][errno=112](Address already in use)
[2022-01-09 15:55:31.287][Error][1680][dzjc1s4c][112] Failed, code=1002 : run : daemon run hybrid : hybrid run : run server : listen : rtmp listen : buffered tcp listen : listen at 0.0.0.0:1937 : fd=7 : bind
thread [1680][dzjc1s4c]: do_main() [src/main/srs_main_server.cpp:192][errno=112]
thread [1680][dzjc1s4c]: run_directly_or_daemon() [src/main/srs_main_server.cpp:435][errno=112]
thread [1680][dzjc1s4c]: run_hybrid_server() [src/main/srs_main_server.cpp:468][errno=112]
thread [1680][dzjc1s4c]: run() [src/app/srs_app_hybrid.cpp:203][errno=112]
thread [1680][dzjc1s4c]: run() [src/app/srs_app_server.cpp:1695][errno=112]
thread [1680][dzjc1s4c]: listen() [src/app/srs_app_server.cpp:813][errno=112]
thread [1680][dzjc1s4c]: listen() [src/app/srs_app_server.cpp:102][errno=112]
thread [1680][dzjc1s4c]: listen() [src/app/srs_app_listener.cpp:241][errno=112]
thread [1680][dzjc1s4c]: srs_tcp_listen() [src/protocol/srs_service_st.cpp:263][errno=112]
thread [1680][dzjc1s4c]: do_srs_tcp_listen() [src/protocol/srs_service_st.cpp:221][errno=112](Address already in use)
[2022-01-09 15:55:47.220][Error][1517][uc0h545b][112] Failed, code=1002 : run : daemon run hybrid : hybrid run : run server : listen : rtmp listen : buffered tcp listen : listen at 0.0.0.0:1937 : fd=7 : bind
thread [1517][uc0h545b]: do_main() [src/main/srs_main_server.cpp:192][errno=112]
thread [1517][uc0h545b]: run_directly_or_daemon() [src/main/srs_main_server.cpp:435][errno=112]
thread [1517][uc0h545b]: run_hybrid_server() [src/main/srs_main_server.cpp:468][errno=112]
thread [1517][uc0h545b]: run() [src/app/srs_app_hybrid.cpp:203][errno=112]
thread [1517][uc0h545b]: run() [src/app/srs_app_server.cpp:1695][errno=112]
thread [1517][uc0h545b]: listen() [src/app/srs_app_server.cpp:813][errno=112]
thread [1517][uc0h545b]: listen() [src/app/srs_app_server.cpp:102][errno=112]
thread [1517][uc0h545b]: listen() [src/app/srs_app_listener.cpp:241][errno=112]
thread [1517][uc0h545b]: srs_tcp_listen() [src/protocol/srs_service_st.cpp:263][errno=112]
thread [1517][uc0h545b]: do_srs_tcp_listen() [src/protocol/srs_service_st.cpp:221][errno=112](Address already in use)
[2022-01-09 15:56:19.829][Error][957][50n7v06e][112] Failed, code=1002 : run : daemon run hybrid : hybrid run : run server : listen : rtmp listen : buffered tcp listen : listen at 0.0.0.0:1937 : fd=7 : bind
thread [957][50n7v06e]: do_main() [src/main/srs_main_server.cpp:192][errno=112]
thread [957][50n7v06e]: run_directly_or_daemon() [src/main/srs_main_server.cpp:435][errno=112]
thread [957][50n7v06e]: run_hybrid_server() [src/main/srs_main_server.cpp:468][errno=112]
thread [957][50n7v06e]: run() [src/app/srs_app_hybrid.cpp:203][errno=112]
thread [957][50n7v06e]: run() [src/app/srs_app_server.cpp:1695][errno=112]
thread [957][50n7v06e]: listen() [src/app/srs_app_server.cpp:813][errno=112]
thread [957][50n7v06e]: listen() [src/app/srs_app_server.cpp:102][errno=112]
thread [957][50n7v06e]: listen() [src/app/srs_app_listener.cpp:241][errno=112]
thread [957][50n7v06e]: srs_tcp_listen() [src/protocol/srs_service_st.cpp:263][errno=112]
thread [957][50n7v06e]: do_srs_tcp_listen() [src/protocol/srs_service_st.cpp:221][errno=112](Address already in use)
